<!DOCTYPE html PUBLIC "-//W3C//DTD XHTML 1.1//EN" "http://www.w3.org/TR/xhtml11/DTD/xhtml11.dtd">
<html xmlns="http://www.w3.org/1999/xhtml"><head><title>TestNG Report</title><style type="text/css">table {margin-bottom:10px;border-collapse:collapse;empty-cells:show}th,td {border:1px solid #009;padding:.25em .5em}th {vertical-align:bottom}td {vertical-align:top}table a {font-weight:bold}.stripe td {background-color: #E6EBF9}.num {text-align:right}.passedodd td {background-color: #3F3}.passedeven td {background-color: #0A0}.skippedodd td {background-color: #DDD}.skippedeven td {background-color: #CCC}.failedodd td,.attn {background-color: #F33}.failedeven td,.stripe .attn {background-color: #D00}.stacktrace {white-space:pre;font-family:monospace}.totop {font-size:85%;text-align:center;border-bottom:2px solid #000}</style></head><body><table><tr><th>Test</th><th># Passed</th><th># Skipped</th><th># Failed</th><th>Time (ms)</th><th>Included Groups</th><th>Excluded Groups</th></tr><tr><th colspan="7">Data Driven Basics</th></tr><tr><td><a href="#t0">Designmate LoginTest</a></td><td class="num">3</td><td class="num">0</td><td class="num">0</td><td class="num">12,278</td><td></td><td></td></tr><tr class="stripe"><td><a href="#t1">Designmate SignUp</a></td><td class="num">0</td><td class="num">0</td><td class="num attn">2</td><td class="num">25,872</td><td></td><td></td></tr><tr><th>Total</th><th class="num">3</th><th class="num">0</th><th class="num attn">2</th><th class="num">38,150</th><th colspan="2"></th></tr></table><table id='summary'><thead><tr><th>Class</th><th>Method</th><th>Start</th><th>Time (ms)</th></tr></thead><tbody><tr><th colspan="4">Data Driven Basics</th></tr></tbody><tbody id="t0"><tr><th colspan="4">Designmate LoginTest &#8212; passed</th></tr><tr class="passedeven"><td rowspan="3">com.w2a.testcases.DesignmateLoginTest</td><td><a href="#m0">designmateLogintest</a></td><td rowspan="3">1574838868921</td><td rowspan="3">4790</td></tr><tr class="passedeven"><td><a href="#m1">designmateLogintest</a></td></tr><tr class="passedeven"><td><a href="#m2">designmateLogintest</a></td></tr></tbody><tbody id="t1"><tr><th colspan="4">Designmate SignUp &#8212; failed</th></tr><tr class="failedeven"><td rowspan="2">com.w2a.testcases.DesignmateSignUpTest</td><td><a href="#m3">designmateSignUpTest</a></td><td rowspan="2">1574838881754</td><td rowspan="2">12391</td></tr><tr class="failedeven"><td><a href="#m4">designmateSignUpTest</a></td></tr></tbody></table><h2>Designmate LoginTest</h2><h3 id="m0">com.w2a.testcases.DesignmateLoginTest#designmateLogintest</h3><table class="result"><tr class="param"><th>Parameter #1</th><th>Parameter #2</th></tr><tr class="param stripe"><td>designmate.hasmukh@gmail.com</td><td>dm@1234</td></tr></table><p class="totop"><a href="#summary">back to summary</a></p><h3 id="m1">com.w2a.testcases.DesignmateLoginTest#designmateLogintest</h3><table class="result"><tr class="param"><th>Parameter #1</th><th>Parameter #2</th></tr><tr class="param stripe"><td>hasy0712@gmail.com</td><td>dm@1234</td></tr></table><p class="totop"><a href="#summary">back to summary</a></p><h3 id="m2">com.w2a.testcases.DesignmateLoginTest#designmateLogintest</h3><table class="result"><tr class="param"><th>Parameter #1</th><th>Parameter #2</th></tr><tr class="param stripe"><td>path03819@gmail.com</td><td>dm@1234</td></tr></table><p class="totop"><a href="#summary">back to summary</a></p><h2>Designmate SignUp</h2><h3 id="m3">com.w2a.testcases.DesignmateSignUpTest#designmateSignUpTest</h3><table class="result"><tr class="param"><th>Parameter #1</th><th>Parameter #2</th><th>Parameter #3</th><th>Parameter #4</th><th>Parameter #5</th></tr><tr class="param stripe"><td>path</td><td>solanki</td><td>path03819@gmail.com</td><td>dm@1234</td><td>dm@1234</td></tr><tr><th colspan="5">Messages</th></tr><tr><td colspan="5"><div class="messages"><b>Login Successfully Executed</b><br/><a href="\C:\Users\Administrator\eclipse-workspace\DataDrivenFramework\Screenshot\error.jpg"><a href=\"\\C:\\Users\\Administrator\\eclipse-workspace\\DataDrivenFramework\\Screenshot\\error.jpg" height=200 width=200</a>"<br/><b>Capturing Screenshot</b><br/><a target="_blank" href=Wed_Nov_27_12_44_54_IST_2019.jpg>Screenshot</a><br/><br><br/><a target="_blank" href=Wed_Nov_27_12_44_54_IST_2019.jpg><img src=Wed_Nov_27_12_44_54_IST_2019.jpg height=200; width=200></img></a>"</div></td></tr><tr><th colspan="5">Exception</th></tr><tr><td colspan="5"><div class="stacktrace">org.openqa.selenium.TimeoutException: Expected condition failed: waiting for alert to be present (tried for 10 second(s) with 500 milliseconds interval)
Build info: version: &apos;3.141.59&apos;, revision: &apos;e82be7d358&apos;, time: &apos;2018-11-14T08:17:03&apos;
System info: host: &apos;DM&apos;, ip: &apos;10.33.52.55&apos;, os.name: &apos;Windows 8.1&apos;, os.arch: &apos;amd64&apos;, os.version: &apos;6.3&apos;, java.version: &apos;1.8.0_172&apos;
Driver info: org.openqa.selenium.firefox.FirefoxDriver
Capabilities {acceptInsecureCerts: true, browserName: firefox, browserVersion: 70.0.1, javascriptEnabled: true, moz:accessibilityChecks: false, moz:buildID: 20191030021342, moz:geckodriverVersion: 0.26.0, moz:headless: false, moz:processID: 8336, moz:profile: C:\Users\Administrator\AppD..., moz:shutdownTimeout: 60000, moz:useNonSpecCompliantPointerOrigin: false, moz:webdriverClick: true, pageLoadStrategy: normal, platform: WINDOWS, platformName: WINDOWS, platformVersion: 6.3, rotatable: false, setWindowRect: true, strictFileInteractability: false, timeouts: {implicit: 0, pageLoad: 300000, script: 30000}, unhandledPromptBehavior: dismiss and notify}
Session ID: 01cf5680-47a0-4d2d-b2c4-9e4b88bbb459
	at org.openqa.selenium.support.ui.WebDriverWait.timeoutException(WebDriverWait.java:95)
	at org.openqa.selenium.support.ui.FluentWait.until(FluentWait.java:272)
	at com.w2a.testcases.DesignmateSignUpTest.designmateSignUpTest(DesignmateSignUpTest.java:56)
... Removed 25 stack frames</div></td></tr></table><p class="totop"><a href="#summary">back to summary</a></p><h3 id="m4">com.w2a.testcases.DesignmateSignUpTest#designmateSignUpTest</h3><table class="result"><tr class="param"><th>Parameter #1</th><th>Parameter #2</th><th>Parameter #3</th><th>Parameter #4</th><th>Parameter #5</th></tr><tr class="param stripe"><td>hasy</td><td>solanki</td><td>hasy0712@gmail.com</td><td>dm@1234</td><td>dm@1234</td></tr><tr><th colspan="5">Messages</th></tr><tr><td colspan="5"><div class="messages"><b>Login Successfully Executed</b><br/><a href="\C:\Users\Administrator\eclipse-workspace\DataDrivenFramework\Screenshot\error.jpg"><a href=\"\\C:\\Users\\Administrator\\eclipse-workspace\\DataDrivenFramework\\Screenshot\\error.jpg" height=200 width=200</a>"<br/><b>Capturing Screenshot</b><br/><a target="_blank" href=Wed_Nov_27_12_45_06_IST_2019.jpg>Screenshot</a><br/><br><br/><a target="_blank" href=Wed_Nov_27_12_45_06_IST_2019.jpg><img src=Wed_Nov_27_12_45_06_IST_2019.jpg height=200; width=200></img></a>"</div></td></tr><tr><th colspan="5">Exception</th></tr><tr><td colspan="5"><div class="stacktrace">org.openqa.selenium.TimeoutException: Expected condition failed: waiting for alert to be present (tried for 10 second(s) with 500 milliseconds interval)
Build info: version: &apos;3.141.59&apos;, revision: &apos;e82be7d358&apos;, time: &apos;2018-11-14T08:17:03&apos;
System info: host: &apos;DM&apos;, ip: &apos;10.33.52.55&apos;, os.name: &apos;Windows 8.1&apos;, os.arch: &apos;amd64&apos;, os.version: &apos;6.3&apos;, java.version: &apos;1.8.0_172&apos;
Driver info: org.openqa.selenium.firefox.FirefoxDriver
Capabilities {acceptInsecureCerts: true, browserName: firefox, browserVersion: 70.0.1, javascriptEnabled: true, moz:accessibilityChecks: false, moz:buildID: 20191030021342, moz:geckodriverVersion: 0.26.0, moz:headless: false, moz:processID: 8336, moz:profile: C:\Users\Administrator\AppD..., moz:shutdownTimeout: 60000, moz:useNonSpecCompliantPointerOrigin: false, moz:webdriverClick: true, pageLoadStrategy: normal, platform: WINDOWS, platformName: WINDOWS, platformVersion: 6.3, rotatable: false, setWindowRect: true, strictFileInteractability: false, timeouts: {implicit: 0, pageLoad: 300000, script: 30000}, unhandledPromptBehavior: dismiss and notify}
Session ID: 01cf5680-47a0-4d2d-b2c4-9e4b88bbb459
	at org.openqa.selenium.support.ui.WebDriverWait.timeoutException(WebDriverWait.java:95)
	at org.openqa.selenium.support.ui.FluentWait.until(FluentWait.java:272)
	at com.w2a.testcases.DesignmateSignUpTest.designmateSignUpTest(DesignmateSignUpTest.java:56)
... Removed 25 stack frames</div></td></tr></table><p class="totop"><a href="#summary">back to summary</a></p></body></html>