<?xml version="1.0" encoding="UTF-8"?>
<testng-results skipped="0" failed="2" ignored="0" total="5" passed="3">
  <reporter-output>
    <line>
      <![CDATA[<b>Login Successfully Executed</b>]]>
    </line>
    <line>
      <![CDATA[<a href="\C:\Users\Administrator\eclipse-workspace\DataDrivenFramework\Screenshot\error.jpg"><a href=\"\\C:\\Users\\Administrator\\eclipse-workspace\\DataDrivenFramework\\Screenshot\\error.jpg" height=200 width=200</a>"]]>
    </line>
    <line>
      <![CDATA[<b>Capturing Screenshot</b>]]>
    </line>
    <line>
      <![CDATA[<a target="_blank" href=Wed_Nov_27_12_44_54_IST_2019.jpg>Screenshot</a>]]>
    </line>
    <line>
      <![CDATA[<br>]]>
    </line>
    <line>
      <![CDATA[<a target="_blank" href=Wed_Nov_27_12_44_54_IST_2019.jpg><img src=Wed_Nov_27_12_44_54_IST_2019.jpg height=200; width=200></img></a>"]]>
    </line>
    <line>
      <![CDATA[<b>Login Successfully Executed</b>]]>
    </line>
    <line>
      <![CDATA[<a href="\C:\Users\Administrator\eclipse-workspace\DataDrivenFramework\Screenshot\error.jpg"><a href=\"\\C:\\Users\\Administrator\\eclipse-workspace\\DataDrivenFramework\\Screenshot\\error.jpg" height=200 width=200</a>"]]>
    </line>
    <line>
      <![CDATA[<b>Capturing Screenshot</b>]]>
    </line>
    <line>
      <![CDATA[<a target="_blank" href=Wed_Nov_27_12_45_06_IST_2019.jpg>Screenshot</a>]]>
    </line>
    <line>
      <![CDATA[<br>]]>
    </line>
    <line>
      <![CDATA[<a target="_blank" href=Wed_Nov_27_12_45_06_IST_2019.jpg><img src=Wed_Nov_27_12_45_06_IST_2019.jpg height=200; width=200></img></a>"]]>
    </line>
  </reporter-output>
  <suite name="Data Driven Basics" duration-ms="38177" started-at="2019-11-27T07:14:28Z" finished-at="2019-11-27T07:15:07Z">
    <groups>
    </groups>
    <test name="Designmate LoginTest" duration-ms="12278" started-at="2019-11-27T07:14:28Z" finished-at="2019-11-27T07:14:41Z">
      <class name="com.w2a.testcases.DesignmateLoginTest">
        <test-method status="PASS" signature="designmateLogintest(java.lang.String, java.lang.String)[pri:0, instance:com.w2a.testcases.DesignmateLoginTest@cad498c]" name="designmateLogintest" duration-ms="4790" started-at="2019-11-27T12:44:28Z" data-provider="dp" finished-at="2019-11-27T12:44:33Z">
          <params>
            <param index="0">
              <value>
                <![CDATA[designmate.hasmukh@gmail.com]]>
              </value>
            </param>
            <param index="1">
              <value>
                <![CDATA[dm@1234]]>
              </value>
            </param>
          </params>
          <reporter-output>
          </reporter-output>
        </test-method> <!-- designmateLogintest -->
        <test-method status="PASS" signature="designmateLogintest(java.lang.String, java.lang.String)[pri:0, instance:com.w2a.testcases.DesignmateLoginTest@cad498c]" name="designmateLogintest" duration-ms="3610" started-at="2019-11-27T12:44:34Z" data-provider="dp" finished-at="2019-11-27T12:44:37Z">
          <params>
            <param index="0">
              <value>
                <![CDATA[path03819@gmail.com]]>
              </value>
            </param>
            <param index="1">
              <value>
                <![CDATA[dm@1234]]>
              </value>
            </param>
          </params>
          <reporter-output>
          </reporter-output>
        </test-method> <!-- designmateLogintest -->
        <test-method status="PASS" signature="designmateLogintest(java.lang.String, java.lang.String)[pri:0, instance:com.w2a.testcases.DesignmateLoginTest@cad498c]" name="designmateLogintest" duration-ms="3340" started-at="2019-11-27T12:44:37Z" data-provider="dp" finished-at="2019-11-27T12:44:41Z">
          <params>
            <param index="0">
              <value>
                <![CDATA[hasy0712@gmail.com]]>
              </value>
            </param>
            <param index="1">
              <value>
                <![CDATA[dm@1234]]>
              </value>
            </param>
          </params>
          <reporter-output>
          </reporter-output>
        </test-method> <!-- designmateLogintest -->
      </class> <!-- com.w2a.testcases.DesignmateLoginTest -->
    </test> <!-- Designmate LoginTest -->
    <test name="Designmate SignUp" duration-ms="25872" started-at="2019-11-27T07:14:41Z" finished-at="2019-11-27T07:15:07Z">
      <class name="com.w2a.testcases.DesignmateSignUpTest">
        <test-method status="PASS" signature="setUp()[pri:0, instance:com.w2a.testcases.DesignmateSignUpTest@6bedbc4d]" name="setUp" is-config="true" duration-ms="24603" started-at="2019-11-27T12:44:04Z" finished-at="2019-11-27T12:44:28Z">
          <reporter-output>
          </reporter-output>
        </test-method> <!-- setUp -->
        <test-method status="PASS" signature="testbefor()[pri:0, instance:com.w2a.testcases.DesignmateSignUpTest@6bedbc4d]" name="testbefor" is-config="true" duration-ms="586" started-at="2019-11-27T12:44:41Z" finished-at="2019-11-27T12:44:41Z">
          <reporter-output>
          </reporter-output>
        </test-method> <!-- testbefor -->
        <test-method status="FAIL" signature="designmateSignUpTest(java.lang.String, java.lang.String, java.lang.String, java.lang.String, java.lang.String)[pri:0, instance:com.w2a.testcases.DesignmateSignUpTest@6bedbc4d]" name="designmateSignUpTest" duration-ms="12391" started-at="2019-11-27T12:44:41Z" data-provider="dp" finished-at="2019-11-27T12:44:54Z">
          <params>
            <param index="0">
              <value>
                <![CDATA[path]]>
              </value>
            </param>
            <param index="1">
              <value>
                <![CDATA[solanki]]>
              </value>
            </param>
            <param index="2">
              <value>
                <![CDATA[path03819@gmail.com]]>
              </value>
            </param>
            <param index="3">
              <value>
                <![CDATA[dm@1234]]>
              </value>
            </param>
            <param index="4">
              <value>
                <![CDATA[dm@1234]]>
              </value>
            </param>
          </params>
          <exception class="org.openqa.selenium.TimeoutException">
            <message>
              <![CDATA[Expected condition failed: waiting for alert to be present (tried for 10 second(s) with 500 milliseconds interval)
Build info: version: '3.141.59', revision: 'e82be7d358', time: '2018-11-14T08:17:03'
System info: host: 'DM', ip: '10.33.52.55', os.name: 'Windows 8.1', os.arch: 'amd64', os.version: '6.3', java.version: '1.8.0_172'
Driver info: org.openqa.selenium.firefox.FirefoxDriver
Capabilities {acceptInsecureCerts: true, browserName: firefox, browserVersion: 70.0.1, javascriptEnabled: true, moz:accessibilityChecks: false, moz:buildID: 20191030021342, moz:geckodriverVersion: 0.26.0, moz:headless: false, moz:processID: 8336, moz:profile: C:\Users\Administrator\AppD..., moz:shutdownTimeout: 60000, moz:useNonSpecCompliantPointerOrigin: false, moz:webdriverClick: true, pageLoadStrategy: normal, platform: WINDOWS, platformName: WINDOWS, platformVersion: 6.3, rotatable: false, setWindowRect: true, strictFileInteractability: false, timeouts: {implicit: 0, pageLoad: 300000, script: 30000}, unhandledPromptBehavior: dismiss and notify}
Session ID: 01cf5680-47a0-4d2d-b2c4-9e4b88bbb459]]>
            </message>
            <full-stacktrace>
              <![CDATA[org.openqa.selenium.TimeoutException: Expected condition failed: waiting for alert to be present (tried for 10 second(s) with 500 milliseconds interval)
Build info: version: '3.141.59', revision: 'e82be7d358', time: '2018-11-14T08:17:03'
System info: host: 'DM', ip: '10.33.52.55', os.name: 'Windows 8.1', os.arch: 'amd64', os.version: '6.3', java.version: '1.8.0_172'
Driver info: org.openqa.selenium.firefox.FirefoxDriver
Capabilities {acceptInsecureCerts: true, browserName: firefox, browserVersion: 70.0.1, javascriptEnabled: true, moz:accessibilityChecks: false, moz:buildID: 20191030021342, moz:geckodriverVersion: 0.26.0, moz:headless: false, moz:processID: 8336, moz:profile: C:\Users\Administrator\AppD..., moz:shutdownTimeout: 60000, moz:useNonSpecCompliantPointerOrigin: false, moz:webdriverClick: true, pageLoadStrategy: normal, platform: WINDOWS, platformName: WINDOWS, platformVersion: 6.3, rotatable: false, setWindowRect: true, strictFileInteractability: false, timeouts: {implicit: 0, pageLoad: 300000, script: 30000}, unhandledPromptBehavior: dismiss and notify}
Session ID: 01cf5680-47a0-4d2d-b2c4-9e4b88bbb459
	at org.openqa.selenium.support.ui.WebDriverWait.timeoutException(WebDriverWait.java:95)
	at org.openqa.selenium.support.ui.FluentWait.until(FluentWait.java:272)
	at com.w2a.testcases.DesignmateSignUpTest.designmateSignUpTest(DesignmateSignUpTest.java:56)
	at sun.reflect.NativeMethodAccessorImpl.invoke0(Native Method)
	at sun.reflect.NativeMethodAccessorImpl.invoke(NativeMethodAccessorImpl.java:62)
	at sun.reflect.DelegatingMethodAccessorImpl.invoke(DelegatingMethodAccessorImpl.java:43)
	at java.lang.reflect.Method.invoke(Method.java:498)
	at org.testng.internal.MethodInvocationHelper.invokeMethod(MethodInvocationHelper.java:108)
	at org.testng.internal.Invoker.invokeMethod(Invoker.java:661)
	at org.testng.internal.Invoker.invokeTestMethod(Invoker.java:869)
	at org.testng.internal.Invoker.invokeTestMethods(Invoker.java:1193)
	at org.testng.internal.TestMethodWorker.invokeTestMethods(TestMethodWorker.java:126)
	at org.testng.internal.TestMethodWorker.run(TestMethodWorker.java:109)
	at org.testng.TestRunner.privateRun(TestRunner.java:744)
	at org.testng.TestRunner.run(TestRunner.java:602)
	at org.testng.SuiteRunner.runTest(SuiteRunner.java:380)
	at org.testng.SuiteRunner.runSequentially(SuiteRunner.java:375)
	at org.testng.SuiteRunner.privateRun(SuiteRunner.java:340)
	at org.testng.SuiteRunner.run(SuiteRunner.java:289)
	at org.testng.SuiteRunnerWorker.runSuite(SuiteRunnerWorker.java:52)
	at org.testng.SuiteRunnerWorker.run(SuiteRunnerWorker.java:86)
	at org.testng.TestNG.runSuitesSequentially(TestNG.java:1301)
	at org.testng.TestNG.runSuitesLocally(TestNG.java:1226)
	at org.testng.TestNG.runSuites(TestNG.java:1144)
	at org.testng.TestNG.run(TestNG.java:1115)
	at org.testng.remote.AbstractRemoteTestNG.run(AbstractRemoteTestNG.java:115)
	at org.testng.remote.RemoteTestNG.initAndRun(RemoteTestNG.java:251)
	at org.testng.remote.RemoteTestNG.main(RemoteTestNG.java:77)
]]>
            </full-stacktrace>
          </exception> <!-- org.openqa.selenium.TimeoutException -->
          <reporter-output>
            <line>
              <![CDATA[<b>Login Successfully Executed</b>]]>
            </line>
            <line>
              <![CDATA[<a href="\C:\Users\Administrator\eclipse-workspace\DataDrivenFramework\Screenshot\error.jpg"><a href=\"\\C:\\Users\\Administrator\\eclipse-workspace\\DataDrivenFramework\\Screenshot\\error.jpg" height=200 width=200</a>"]]>
            </line>
            <line>
              <![CDATA[<b>Capturing Screenshot</b>]]>
            </line>
            <line>
              <![CDATA[<a target="_blank" href=Wed_Nov_27_12_44_54_IST_2019.jpg>Screenshot</a>]]>
            </line>
            <line>
              <![CDATA[<br>]]>
            </line>
            <line>
              <![CDATA[<a target="_blank" href=Wed_Nov_27_12_44_54_IST_2019.jpg><img src=Wed_Nov_27_12_44_54_IST_2019.jpg height=200; width=200></img></a>"]]>
            </line>
          </reporter-output>
        </test-method> <!-- designmateSignUpTest -->
        <test-method status="FAIL" signature="designmateSignUpTest(java.lang.String, java.lang.String, java.lang.String, java.lang.String, java.lang.String)[pri:0, instance:com.w2a.testcases.DesignmateSignUpTest@6bedbc4d]" name="designmateSignUpTest" duration-ms="12313" started-at="2019-11-27T12:44:54Z" data-provider="dp" finished-at="2019-11-27T12:45:06Z">
          <params>
            <param index="0">
              <value>
                <![CDATA[hasy]]>
              </value>
            </param>
            <param index="1">
              <value>
                <![CDATA[solanki]]>
              </value>
            </param>
            <param index="2">
              <value>
                <![CDATA[hasy0712@gmail.com]]>
              </value>
            </param>
            <param index="3">
              <value>
                <![CDATA[dm@1234]]>
              </value>
            </param>
            <param index="4">
              <value>
                <![CDATA[dm@1234]]>
              </value>
            </param>
          </params>
          <exception class="org.openqa.selenium.TimeoutException">
            <message>
              <![CDATA[Expected condition failed: waiting for alert to be present (tried for 10 second(s) with 500 milliseconds interval)
Build info: version: '3.141.59', revision: 'e82be7d358', time: '2018-11-14T08:17:03'
System info: host: 'DM', ip: '10.33.52.55', os.name: 'Windows 8.1', os.arch: 'amd64', os.version: '6.3', java.version: '1.8.0_172'
Driver info: org.openqa.selenium.firefox.FirefoxDriver
Capabilities {acceptInsecureCerts: true, browserName: firefox, browserVersion: 70.0.1, javascriptEnabled: true, moz:accessibilityChecks: false, moz:buildID: 20191030021342, moz:geckodriverVersion: 0.26.0, moz:headless: false, moz:processID: 8336, moz:profile: C:\Users\Administrator\AppD..., moz:shutdownTimeout: 60000, moz:useNonSpecCompliantPointerOrigin: false, moz:webdriverClick: true, pageLoadStrategy: normal, platform: WINDOWS, platformName: WINDOWS, platformVersion: 6.3, rotatable: false, setWindowRect: true, strictFileInteractability: false, timeouts: {implicit: 0, pageLoad: 300000, script: 30000}, unhandledPromptBehavior: dismiss and notify}
Session ID: 01cf5680-47a0-4d2d-b2c4-9e4b88bbb459]]>
            </message>
            <full-stacktrace>
              <![CDATA[org.openqa.selenium.TimeoutException: Expected condition failed: waiting for alert to be present (tried for 10 second(s) with 500 milliseconds interval)
Build info: version: '3.141.59', revision: 'e82be7d358', time: '2018-11-14T08:17:03'
System info: host: 'DM', ip: '10.33.52.55', os.name: 'Windows 8.1', os.arch: 'amd64', os.version: '6.3', java.version: '1.8.0_172'
Driver info: org.openqa.selenium.firefox.FirefoxDriver
Capabilities {acceptInsecureCerts: true, browserName: firefox, browserVersion: 70.0.1, javascriptEnabled: true, moz:accessibilityChecks: false, moz:buildID: 20191030021342, moz:geckodriverVersion: 0.26.0, moz:headless: false, moz:processID: 8336, moz:profile: C:\Users\Administrator\AppD..., moz:shutdownTimeout: 60000, moz:useNonSpecCompliantPointerOrigin: false, moz:webdriverClick: true, pageLoadStrategy: normal, platform: WINDOWS, platformName: WINDOWS, platformVersion: 6.3, rotatable: false, setWindowRect: true, strictFileInteractability: false, timeouts: {implicit: 0, pageLoad: 300000, script: 30000}, unhandledPromptBehavior: dismiss and notify}
Session ID: 01cf5680-47a0-4d2d-b2c4-9e4b88bbb459
	at org.openqa.selenium.support.ui.WebDriverWait.timeoutException(WebDriverWait.java:95)
	at org.openqa.selenium.support.ui.FluentWait.until(FluentWait.java:272)
	at com.w2a.testcases.DesignmateSignUpTest.designmateSignUpTest(DesignmateSignUpTest.java:56)
	at sun.reflect.NativeMethodAccessorImpl.invoke0(Native Method)
	at sun.reflect.NativeMethodAccessorImpl.invoke(NativeMethodAccessorImpl.java:62)
	at sun.reflect.DelegatingMethodAccessorImpl.invoke(DelegatingMethodAccessorImpl.java:43)
	at java.lang.reflect.Method.invoke(Method.java:498)
	at org.testng.internal.MethodInvocationHelper.invokeMethod(MethodInvocationHelper.java:108)
	at org.testng.internal.Invoker.invokeMethod(Invoker.java:661)
	at org.testng.internal.Invoker.invokeTestMethod(Invoker.java:869)
	at org.testng.internal.Invoker.invokeTestMethods(Invoker.java:1193)
	at org.testng.internal.TestMethodWorker.invokeTestMethods(TestMethodWorker.java:126)
	at org.testng.internal.TestMethodWorker.run(TestMethodWorker.java:109)
	at org.testng.TestRunner.privateRun(TestRunner.java:744)
	at org.testng.TestRunner.run(TestRunner.java:602)
	at org.testng.SuiteRunner.runTest(SuiteRunner.java:380)
	at org.testng.SuiteRunner.runSequentially(SuiteRunner.java:375)
	at org.testng.SuiteRunner.privateRun(SuiteRunner.java:340)
	at org.testng.SuiteRunner.run(SuiteRunner.java:289)
	at org.testng.SuiteRunnerWorker.runSuite(SuiteRunnerWorker.java:52)
	at org.testng.SuiteRunnerWorker.run(SuiteRunnerWorker.java:86)
	at org.testng.TestNG.runSuitesSequentially(TestNG.java:1301)
	at org.testng.TestNG.runSuitesLocally(TestNG.java:1226)
	at org.testng.TestNG.runSuites(TestNG.java:1144)
	at org.testng.TestNG.run(TestNG.java:1115)
	at org.testng.remote.AbstractRemoteTestNG.run(AbstractRemoteTestNG.java:115)
	at org.testng.remote.RemoteTestNG.initAndRun(RemoteTestNG.java:251)
	at org.testng.remote.RemoteTestNG.main(RemoteTestNG.java:77)
]]>
            </full-stacktrace>
          </exception> <!-- org.openqa.selenium.TimeoutException -->
          <reporter-output>
            <line>
              <![CDATA[<b>Login Successfully Executed</b>]]>
            </line>
            <line>
              <![CDATA[<a href="\C:\Users\Administrator\eclipse-workspace\DataDrivenFramework\Screenshot\error.jpg"><a href=\"\\C:\\Users\\Administrator\\eclipse-workspace\\DataDrivenFramework\\Screenshot\\error.jpg" height=200 width=200</a>"]]>
            </line>
            <line>
              <![CDATA[<b>Capturing Screenshot</b>]]>
            </line>
            <line>
              <![CDATA[<a target="_blank" href=Wed_Nov_27_12_45_06_IST_2019.jpg>Screenshot</a>]]>
            </line>
            <line>
              <![CDATA[<br>]]>
            </line>
            <line>
              <![CDATA[<a target="_blank" href=Wed_Nov_27_12_45_06_IST_2019.jpg><img src=Wed_Nov_27_12_45_06_IST_2019.jpg height=200; width=200></img></a>"]]>
            </line>
          </reporter-output>
        </test-method> <!-- designmateSignUpTest -->
        <test-method status="PASS" signature="tearDown()[pri:0, instance:com.w2a.testcases.DesignmateSignUpTest@6bedbc4d]" name="tearDown" is-config="true" duration-ms="1161" started-at="2019-11-27T12:45:07Z" finished-at="2019-11-27T12:45:08Z">
          <reporter-output>
          </reporter-output>
        </test-method> <!-- tearDown -->
      </class> <!-- com.w2a.testcases.DesignmateSignUpTest -->
    </test> <!-- Designmate SignUp -->
  </suite> <!-- Data Driven Basics -->
</testng-results>
